<?xml version="1.0" encoding="UTF-8"?>
<testsuite name="com.mygame.AngryBirds.AngryBirdsMainTest" tests="5" skipped="0" failures="0" errors="0" timestamp="2024-11-29T17:41:26" hostname="SHREYA-LAPTOP" time="0.686">
  <properties/>
  <testcase name="testHasBirdsLeft()" classname="com.mygame.AngryBirds.AngryBirdsMainTest" time="0.669"/>
  <testcase name="testGetNextBird()" classname="com.mygame.AngryBirds.AngryBirdsMainTest" time="0.003"/>
  <testcase name="testAddBirdToQueue()" classname="com.mygame.AngryBirds.AngryBirdsMainTest" time="0.002"/>
  <testcase name="testGetBirdCount()" classname="com.mygame.AngryBirds.AngryBirdsMainTest" time="0.002"/>
  <testcase name="testConstants()" classname="com.mygame.AngryBirds.AngryBirdsMainTest" time="0.002"/>
  <system-out><![CDATA[]]></system-out>
  <system-err><![CDATA[]]></system-err>
</testsuite>
